<?xml version="1.0" encoding="UTF-8"?>
<testng-results skipped="0" failed="0" ignored="0" total="1" passed="1">
  <reporter-output>
  </reporter-output>
  <suite name="Default suite" duration-ms="126" started-at="2020-07-29T13:38:22Z" finished-at="2020-07-29T13:38:22Z">
    <groups>
    </groups>
    <test name="Default test" duration-ms="126" started-at="2020-07-29T13:38:22Z" finished-at="2020-07-29T13:38:22Z">
      <class name="com.project.Salesforce.suitea.TC_002">
        <test-method status="PASS" signature="init()[pri:0, instance:com.project.Salesforce.suitea.TC_002@657c8ad9]" name="init" is-config="true" duration-ms="41" started-at="2020-07-29T13:38:22Z" finished-at="2020-07-29T13:38:22Z">
          <reporter-output>
          </reporter-output>
        </test-method> <!-- init -->
        <test-method status="PASS" signature="f()[pri:0, instance:com.project.Salesforce.suitea.TC_002@657c8ad9]" name="f" duration-ms="13" started-at="2020-07-29T13:38:22Z" finished-at="2020-07-29T13:38:22Z">
          <reporter-output>
          </reporter-output>
        </test-method> <!-- f -->
      </class> <!-- com.project.Salesforce.suitea.TC_002 -->
    </test> <!-- Default test -->
  </suite> <!-- Default suite -->
</testng-results>
