<?xml version="1.0" encoding="UTF-8"?>
<!-- Generated by org.testng.reporters.JUnitXMLReporter -->
<testsuite hostname="DESKTOP-27L8JE7" ignored="0" name="Default test" tests="2" failures="0" timestamp="12 Aug 2020 13:34:02 GMT" time="35.495" errors="0">
  <testcase name="f" time="33.89" classname="com.project.Salesforce.suitea.LoginTest"/>
  <testcase name="f" time="0.004" classname="com.project.Salesforce.suitea.LoginTest">
    <skipped/>
  </testcase> <!-- f -->
</testsuite> <!-- Default test -->
