<?xml version="1.0" encoding="UTF-8"?>
<!-- Generated by org.testng.reporters.JUnitXMLReporter -->
<testsuite hostname="DESKTOP-27L8JE7" ignored="0" name="Default test" tests="2" failures="0" timestamp="04 Aug 2020 14:04:20 GMT" time="1.576" errors="0">
  <testcase name="f" time="0.056" classname="com.project.Salesforce.suitea.LoginTest"/>
  <testcase name="f" time="0.006" classname="com.project.Salesforce.suitea.LoginTest">
    <skipped/>
  </testcase> <!-- f -->
</testsuite> <!-- Default test -->
