<?xml version="1.0" encoding="UTF-8"?>
<testng-results skipped="0" failed="0" ignored="6" total="7" passed="1">
  <reporter-output>
  </reporter-output>
  <suite name="Default suite" duration-ms="19641" started-at="2020-07-13T13:52:10Z" finished-at="2020-07-13T13:52:29Z">
    <groups>
    </groups>
    <test name="Default test" duration-ms="19641" started-at="2020-07-13T13:52:10Z" finished-at="2020-07-13T13:52:29Z">
      <class name="actionsAndJavascriptExecutors.MouseOperations">
        <test-method status="PASS" signature="setup()[pri:0, instance:actionsAndJavascriptExecutors.MouseOperations@436a4e4b]" name="setup" is-config="true" duration-ms="7667" started-at="2020-07-13T13:52:10Z" finished-at="2020-07-13T13:52:17Z">
          <reporter-output>
          </reporter-output>
        </test-method> <!-- setup -->
        <test-method status="PASS" signature="autoSuggestion()[pri:7, instance:actionsAndJavascriptExecutors.MouseOperations@436a4e4b]" name="autoSuggestion" duration-ms="11908" started-at="2020-07-13T13:52:17Z" finished-at="2020-07-13T13:52:29Z">
          <reporter-output>
          </reporter-output>
        </test-method> <!-- autoSuggestion -->
        <test-method status="PASS" signature="tearDown()[pri:0, instance:actionsAndJavascriptExecutors.MouseOperations@436a4e4b]" name="tearDown" is-config="true" duration-ms="0" started-at="2020-07-13T13:52:29Z" finished-at="2020-07-13T13:52:29Z">
          <reporter-output>
          </reporter-output>
        </test-method> <!-- tearDown -->
      </class> <!-- actionsAndJavascriptExecutors.MouseOperations -->
    </test> <!-- Default test -->
  </suite> <!-- Default suite -->
</testng-results>
