<?xml version="1.0" encoding="UTF-8"?>
<!-- Generated by org.testng.reporters.JUnitXMLReporter -->
<testsuite hostname="DESKTOP-27L8JE7" ignored="0" name="Default test" tests="3" failures="0" timestamp="01 Jul 2020 14:04:07 GMT" time="1.648" errors="0">
  <testcase name="f" time="0.028" classname="excelOperations.DataManagementWithHashTable"/>
  <testcase name="f" time="0.004" classname="excelOperations.DataManagementWithHashTable"/>
  <testcase name="f" time="0.006" classname="excelOperations.DataManagementWithHashTable"/>
</testsuite> <!-- Default test -->
