<?xml version="1.0" encoding="UTF-8"?>
<!-- Generated by org.testng.reporters.JUnitXMLReporter -->
<testsuite hostname="DESKTOP-27L8JE7" ignored="0" name="Default test" tests="2" failures="0" timestamp="19 Jun 2020 13:36:48 GMT" time="0.14" errors="0">
  <testcase name="test1" time="0.039" classname="com.project.JuneMavenSelenium6_30PMBatch.parallel.TestNGParallelMethods"/>
  <testcase name="test2" time="0.005" classname="com.project.JuneMavenSelenium6_30PMBatch.parallel.TestNGParallelMethods"/>
</testsuite> <!-- Default test -->
