<?xml version="1.0" encoding="UTF-8"?>
<!-- Generated by org.testng.reporters.JUnitXMLReporter -->
<testsuite hostname="DESKTOP-27L8JE7" ignored="3" name="Test" tests="1" failures="0" timestamp="22 Jun 2020 13:49:59 GMT" time="16.324" errors="0">
  <testcase name="amazon" time="3.239" classname="com.project.JuneMavenSelenium6_30PMBatch.TC_002"/>
  <testcase name="linktesting1" time="0.0" classname="com.project.JuneMavenSelenium6_30PMBatch.LinksTesting1">
    <ignored/>
  </testcase> <!-- linktesting1 -->
  <testcase name="checkboxTest" time="0.0" classname="com.project.JuneMavenSelenium6_30PMBatch.CheckBox1">
    <ignored/>
  </testcase> <!-- checkboxTest -->
  <testcase name="radioButton" time="0.0" classname="com.project.JuneMavenSelenium6_30PMBatch.RadioButton1">
    <ignored/>
  </testcase> <!-- radioButton -->
</testsuite> <!-- Test -->
