<?xml version="1.0" encoding="UTF-8"?>
<!-- Generated by org.testng.reporters.JUnitXMLReporter -->
<testsuite hostname="DESKTOP-27L8JE7" ignored="0" name="Test" tests="1" failures="1" timestamp="23 Jun 2020 13:55:53 GMT" time="11.94" errors="0">
  <testcase name="test" time="1.167" classname="com.project.JuneMavenSelenium6_30PMBatch.HardAssertDemo">
    <failure type="java.lang.AssertionError" message="expected [Customer Servic] but found [Customer Service]">
      <![CDATA[java.lang.AssertionError: expected [Customer Servic] but found [Customer Service]
at com.project.JuneMavenSelenium6_30PMBatch.HardAssertDemo.test(HardAssertDemo.java:37)
... Removed 31 stack frames]]>
    </failure>
  </testcase> <!-- test -->
</testsuite> <!-- Test -->
