<?xml version="1.0" encoding="UTF-8"?>
<!-- Generated by org.testng.reporters.JUnitXMLReporter -->
<testsuite hostname="DESKTOP-27L8JE7" ignored="0" name="RegressionTest" tests="4" failures="0" timestamp="19 Jun 2020 13:32:04 GMT" time="54.609" errors="0">
  <testcase name="linktesting1" time="1.759" classname="com.project.JuneMavenSelenium6_30PMBatch.LinksTesting1"/>
  <testcase name="radioButton" time="4.195" classname="com.project.JuneMavenSelenium6_30PMBatch.RadioButton1"/>
  <testcase name="checkboxTest" time="0.239" classname="com.project.JuneMavenSelenium6_30PMBatch.CheckBox1"/>
  <testcase name="amazon" time="6.983" classname="com.project.JuneMavenSelenium6_30PMBatch.TC_002"/>
</testsuite> <!-- RegressionTest -->
