<?xml version="1.0" encoding="UTF-8"?>
<!-- Generated by org.testng.reporters.JUnitXMLReporter -->
<testsuite hostname="DESKTOP-27L8JE7" ignored="0" name="RegressionTest" tests="4" failures="0" timestamp="18 Jun 2020 14:01:58 GMT" time="53.406" errors="0">
  <testcase name="linktesting1" time="1.822" classname="com.project.JuneMavenSelenium6_30PMBatch.LinksTesting1"/>
  <testcase name="radioButton" time="5.15" classname="com.project.JuneMavenSelenium6_30PMBatch.RadioButton1"/>
  <testcase name="checkboxTest" time="0.209" classname="com.project.JuneMavenSelenium6_30PMBatch.CheckBox1"/>
  <testcase name="amazon" time="2.388" classname="com.project.JuneMavenSelenium6_30PMBatch.TC_002"/>
</testsuite> <!-- RegressionTest -->
