<?xml version="1.0" encoding="UTF-8" standalone="no"?>
<testsuite errors="0" failures="0" name="io.cucumber.core.plugin.JUnitFormatter" skipped="0" tests="1" time="0.875">
<testcase classname="Feature to test login functionality" name="Check login is successful with valid cridientials" time="0.08">
<system-out><![CDATA[Given user is on login page.................................................passed
When user enters username and password......................................passed
And Clicks on login buton...................................................passed
Then user should navigated to the home page.................................passed
]]></system-out>
</testcase>
</testsuite>
